"../../../Engine/Content/ArtTools/RenderToTexture/Enums/RenderToTexture_Enum.uasset" 0
"../../../Engine/Content/ArtTools/RenderToTexture/Enums/RenderToTexture_Flipbook_Enum.uasset" 1
"../../../Engine/Content/ArtTools/RenderToTexture/Enums/RenderToTexture_Imposter_Enum.uasset" 2
"../../../Engine/Content/EditorBlueprintResources/StandardMacros.uasset" 3
"../../../Engine/Content/ArtTools/RenderToTexture/Enums/EIntTypes.uasset" 4
"../../../Engine/Content/ArtTools/RenderToTexture/Macros/RenderToTextureFunctionLibrary.uasset" 5
"../../../Engine/Content/ArtTools/RenderToTexture/Enums/EFloatTypes.uasset" 6
"../../../Engine/Content/ArtTools/RenderToTexture/Macros/RenderToTextureMacros.uasset" 7
"../../../Engine/Content/Functions/Engine_MaterialFunctions01/Opacity/CameraDepthFade.uasset" 8
"../../../Engine/Content/EngineMaterials/T_Default_Material_Grid_M.uasset" 9
"../../../Engine/Content/EngineMaterials/T_Default_Material_Grid_N.uasset" 10
"../../../Engine/Content/EngineMaterials/WorldGridMaterial.uasset" 11
"../../../Engine/Content/ArtTools/RenderToTexture/Meshes/S_1_Unit_Plane.uasset" 12
"../../../Engine/Content/EngineMaterials/DefaultMaterial.uasset" 13
"../../../Engine/Content/BasicShapes/Cone.uasset" 14
"../../../Engine/Content/BasicShapes/Cylinder.uasset" 15
"../../../Engine/Content/BasicShapes/Plane.uasset" 16
"../../../Engine/Content/BasicShapes/Sphere.uasset" 17
"../../../Engine/Content/EngineMaterials/DefaultPhysicalMaterial.uasset" 18
"../../../Engine/Content/BufferVisualization/AmbientOcclusion.uasset" 19
"../../../Engine/Content/BufferVisualization/BaseColor.uasset" 20
"../../../Engine/Content/BufferVisualization/CustomDepth.uasset" 21
"../../../Engine/Content/Functions/Engine_MaterialFunctions02/Utility/VectorLength.uasset" 22
"../../../Engine/Content/BufferVisualization/CustomDepthWorldUnits.uasset" 23
"../../../Engine/Content/Functions/Engine_MaterialFunctions02/Utility/BreakOutFloat2Components.uasset" 24
"../../../Engine/Content/Functions/Engine_MaterialFunctions01/Texturing/ScaleUVsByCenter.uasset" 25
"../../../Engine/Content/Functions/Engine_MaterialFunctions02/ScreenResolution.uasset" 26
"../../../Engine/Content/Functions/Engine_MaterialFunctions02/Texturing/ScreenAlignedUVs.uasset" 27
"../../../Engine/Content/Functions/Engine_MaterialFunctions02/Utility/MakeFloat2.uasset" 28
"../../../Engine/Content/Functions/Engine_MaterialFunctions02/Utility/MakeFloat3.uasset" 29
"../../../Engine/Content/EngineMaterials/MiniFont.uasset" 30
"../../../Engine/Content/BufferVisualization/CustomStencil.uasset" 31
"../../../Engine/Content/BufferVisualization/FinalImage.uasset" 32
"../../../Engine/Content/BufferVisualization/LightingModel.uasset" 33
"../../../Engine/Content/BufferVisualization/MaterialAO.uasset" 34
"../../../Engine/Content/BufferVisualization/Metallic.uasset" 35
"../../../Engine/Content/BufferVisualization/Opacity.uasset" 36
"../../../Engine/Content/BufferVisualization/PostTonemapHDRColor.uasset" 37
"../../../Engine/Content/BufferVisualization/PreTonemapHDRColor.uasset" 38
"../../../Engine/Content/BufferVisualization/Roughness.uasset" 39
"../../../Engine/Content/BufferVisualization/SceneColor.uasset" 40
"../../../Engine/Content/BufferVisualization/SceneDepth.uasset" 41
"../../../Engine/Content/BufferVisualization/SceneDepthWorldUnits.uasset" 42
"../../../Engine/Content/BufferVisualization/SeparateTranslucencyA.uasset" 43
"../../../Engine/Content/BufferVisualization/SeparateTranslucencyRGB.uasset" 44
"../../../Engine/Content/BufferVisualization/Specular.uasset" 45
"../../../Engine/Content/BufferVisualization/SubsurfaceColor.uasset" 46
"../../../Engine/Content/BufferVisualization/WorldNormal.uasset" 47
"../../../Engine/Content/EditorBlueprintResources/ActorMacros.uasset" 48
"../../../Engine/Content/EditorLandscapeResources/DataLayer.uasset" 49
"../../../Engine/Content/EditorLandscapeResources/DefaultAlphaTexture.uasset" 50
"../../../Engine/Content/EditorLandscapeResources/LandscapeGizmoHeight_Mat.uasset" 51
"../../../Engine/Content/EditorLandscapeResources/LandscapeGizmo_Mat.uasset" 52
"../../../Engine/Content/EditorLandscapeResources/LandscapeGizmo_Mat_Copied.uasset" 53
"../../../Engine/Content/EditorLandscapeResources/SplineEditorMeshMat.uasset" 54
"../../../Engine/Content/EditorLandscapeResources/SplineEditorMesh.uasset" 55
"../../../Engine/Content/EditorMaterials/Cross.uasset" 56
"../../../Engine/Content/EditorMaterials/Cross_Mat.uasset" 57
"../../../Engine/Content/EditorMaterials/GizmoMaterial.uasset" 58
"../../../Engine/Content/Functions/Engine_MaterialFunctions02/Utility/Sign.uasset" 59
"../../../Engine/Content/Functions/Engine_MaterialFunctions02/Utility/Round.uasset" 60
"../../../Engine/Content/Functions/Engine_MaterialFunctions02/ExampleContent/Textures/flipbook.uasset" 61
"../../../Engine/Content/Functions/Engine_MaterialFunctions02/Texturing/FlipBook.uasset" 62
"../../../Engine/Content/EditorResources/T_EditorHelp.uasset" 63
"../../../Engine/Content/EditorMaterials/HelpActorMaterial.uasset" 64
"../../../Engine/Content/EditorMaterials/CompositeARGBLayer.uasset" 65
"../../../Engine/Content/EditorMaterials/TilingAALineIntegral.uasset" 66
"../../../Engine/Content/EditorMaterials/TilingAALineBoxFiltered.uasset" 67
"../../../Engine/Content/Functions/Engine_MaterialFunctions03/Procedurals/ComputeFilterWidth.uasset" 68
"../../../Engine/Content/EditorMaterials/TilingAADots.uasset" 69
"../../../Engine/Content/EditorMaterials/Cascade/CASC_Cross.uasset" 70
"../../../Engine/Content/EditorMaterials/Cascade/CASC_None.uasset" 71
"../../../Engine/Content/Functions/Engine_MaterialFunctions03/Blends/Blend_Screen.uasset" 72
"../../../Engine/Content/EditorMaterials/TilingAAGrid.uasset" 73
"../../../Engine/Content/EditorMaterials/LevelGridMaterial.uasset" 74
"../../../Engine/Content/EditorMaterials/MakeCompositeARGBLayer.uasset" 75
"../../../Engine/Content/EditorResources/LevelGrid1DStripes.uasset" 76
"../../../Engine/Content/EditorMaterials/TextureGridCascaded1D.uasset" 77
"../../../Engine/Content/EditorMaterials/TextureGridCascaded2D.uasset" 78
"../../../Engine/Content/EditorMaterials/LevelGridMaterial2.uasset" 79
"../../../Engine/Content/EditorMaterials/MAT_Groups_Toggle.uasset" 80
"../../../Engine/Content/EditorMaterials/MAT_Groups_Visibility.uasset" 81
"../../../Engine/Content/EditorMaterials/PhAT_BoneSelectedMaterial.uasset" 82
"../../../Engine/Content/EditorMaterials/PhAT_ElemSelectedMaterial.uasset" 83
"../../../Engine/Content/EditorMaterials/PhAT_NoCollisionMaterial.uasset" 84
"../../../Engine/Content/EditorMaterials/PhAT_UnselectedMaterial.uasset" 85
"../../../Engine/Content/EditorMaterials/PreviewShadowIndicator.uasset" 86
"../../../Engine/Content/EditorMaterials/PreviewShadowIndicatorMaterial.uasset" 87
"../../../Engine/Content/EditorMaterials/TargetIcon.uasset" 88
"../../../Engine/Content/EditorMaterials/Tick.uasset" 89
"../../../Engine/Content/EditorMaterials/Tick_Mat.uasset" 90
"../../../Engine/Content/EditorMaterials/WidgetGridVertexColorMaterial.uasset" 91
"../../../Engine/Content/EditorMaterials/WidgetGridVertexColorMaterial_Ma.uasset" 92
"../../../Engine/Content/EditorMaterials/WidgetMaterial.uasset" 93
"../../../Engine/Content/EditorMaterials/WidgetMaterial_Current.uasset" 94
"../../../Engine/Content/EditorMaterials/WidgetMaterial_X.uasset" 95
"../../../Engine/Content/EditorMaterials/WidgetMaterial_Y.uasset" 96
"../../../Engine/Content/EditorMaterials/WidgetMaterial_Z.uasset" 97
"../../../Engine/Content/EditorMaterials/WidgetVertexColorMaterial.uasset" 98
"../../../Engine/Content/EditorMaterials/MatineeGroups/MAT_ColorTrack.uasset" 99
"../../../Engine/Content/EditorMaterials/MatineeGroups/MAT_Groups_Anim.uasset" 100
"../../../Engine/Content/EditorMaterials/MatineeGroups/MAT_Groups_AudioMaster.uasset" 101
"../../../Engine/Content/EditorMaterials/MatineeGroups/MAT_Groups_Director.uasset" 102
"../../../Engine/Content/EditorMaterials/MatineeGroups/MAT_Groups_Event.uasset" 103
"../../../Engine/Content/EditorMaterials/MatineeGroups/MAT_Groups_Fade.uasset" 104
"../../../Engine/Content/EditorMaterials/MatineeGroups/MAT_Groups_Float.uasset" 105
"../../../Engine/Content/EditorMaterials/MatineeGroups/MAT_Groups_Move.uasset" 106
"../../../Engine/Content/EditorMaterials/MatineeGroups/MAT_Groups_Slomo.uasset" 107
"../../../Engine/Content/EditorMaterials/MatineeGroups/MAT_Groups_Sound.uasset" 108
"../../../Engine/Content/EditorMaterials/MatineeGroups/MAT_Groups_Vector.uasset" 109
"../../../Engine/Content/EditorMaterials/ParticleSystems/PSysThumbnail_NoImage.uasset" 110
"../../../Engine/Content/EditorMaterials/ParticleSystems/PSysThumbnail_OOD.uasset" 111
"../../../Engine/Content/EngineMaterials/Grid.uasset" 112
"../../../Engine/Content/EditorMaterials/Thumbnails/FloorPlaneMaterial.uasset" 113
"../../../Engine/Content/EditorMeshes/EditorCube.uasset" 114
"../../../Engine/Content/EditorMeshes/EditorCylinder.uasset" 115
"../../../Engine/Content/EditorMeshes/EditorPlane.uasset" 116
"../../../Engine/Content/EditorMaterials/Thumbnails/SkySphereMaterial.uasset" 117
"../../../Engine/Content/EditorMeshes/EditorSkySphere.uasset" 118
"../../../Engine/Content/EditorMeshes/EditorSphere.uasset" 119
"../../../Engine/Content/EditorResources/MatineeCam_D.uasset" 120
"../../../Engine/Content/EditorMaterials/MatineeCam_mat.uasset" 121
"../../../Engine/Content/EditorMeshes/MatineeCam_SM.uasset" 122
"../../../Engine/Content/EditorMaterials/Camera/CineMat.uasset" 123
"../../../Engine/Content/EditorMaterials/Camera/MI_CineMat_CameraBody.uasset" 124
"../../../Engine/Content/EngineDebugMaterials/M_SimpleOpaque.uasset" 125
"../../../Engine/Content/EditorMaterials/Camera/MI_CineMat_CamViewFinder.uasset" 126
"../../../Engine/Content/EditorMeshes/Camera/SM_CineCam.uasset" 127
"../../../Engine/Content/EditorMaterials/Camera/MI_CineMat_Rig.uasset" 128
"../../../Engine/Content/EditorMeshes/Camera/SM_CraneRig_Arm.uasset" 129
"../../../Engine/Content/EditorMeshes/Camera/SM_CraneRig_Base.uasset" 130
"../../../Engine/Content/EditorMeshes/Camera/SM_CraneRig_Body.uasset" 131
"../../../Engine/Content/EditorMeshes/Camera/SM_CraneRig_Mount.uasset" 132
"../../../Engine/Content/EditorMeshes/Camera/SM_RailRig_Mount.uasset" 133
"../../../Engine/Content/EditorMeshes/Camera/SM_RailRig_Track.uasset" 134
"../../../Engine/Content/EditorMeshes/ColorCalibrator/M_ChromeBall.uasset" 135
"../../../Engine/Content/EditorMeshes/ColorCalibrator/M_ClearCoat.uasset" 136
"../../../Engine/Content/EditorMeshes/ColorCalibrator/M_ClearCoatBlack.uasset" 137
"../../../Engine/Content/EditorMeshes/ColorCalibrator/Color_checker.uasset" 138
"../../../Engine/Content/EditorMeshes/ColorCalibrator/M_ColorGrid.uasset" 139
"../../../Engine/Content/EditorMeshes/ColorCalibrator/M_GreyBall.uasset" 140
"../../../Engine/Content/EditorMeshes/ColorCalibrator/SM_ColorCalibrator.uasset" 141
"../../../Engine/Content/EditorResources/Bad.uasset" 142
"../../../Engine/Content/EditorResources/BadBlueprintSprite.uasset" 143
"../../../Engine/Content/EditorResources/BSPVertex.uasset" 144
"../../../Engine/Content/EditorResources/EmptyActor.uasset" 145
"../../../Engine/Content/EditorResources/MatInstActSprite.uasset" 146
"../../../Engine/Content/EditorResources/SceneManager.uasset" 147
"../../../Engine/Content/EditorResources/SmallFont.uasset" 148
"../../../Engine/Content/EditorResources/S_Actor.uasset" 149
"../../../Engine/Content/EditorResources/S_DecalActorIcon.uasset" 150
"../../../Engine/Content/EditorResources/S_Emitter.uasset" 151
"../../../Engine/Content/EditorResources/S_ExpoHeightFog.uasset" 152
"../../../Engine/Content/EditorResources/S_FTest.uasset" 153
"../../../Engine/Content/EditorResources/S_KBSJoint.uasset" 154
"../../../Engine/Content/EditorResources/S_KHinge.uasset" 155
"../../../Engine/Content/EditorResources/S_KPrismatic.uasset" 156
"../../../Engine/Content/EditorResources/S_LevelSequence.uasset" 157
"../../../Engine/Content/EditorResources/S_NavP.uasset" 158
"../../../Engine/Content/EditorResources/S_Note.uasset" 159
"../../../Engine/Content/EditorResources/S_Player.uasset" 160
"../../../Engine/Content/EditorResources/S_PortalActorIcon2.uasset" 161
"../../../Engine/Content/EditorResources/S_RadForce.uasset" 162
"../../../Engine/Content/EditorResources/S_ReflActorIcon.uasset" 163
"../../../Engine/Content/EditorResources/S_Terrain.uasset" 164
"../../../Engine/Content/EditorResources/S_TextRenderActorIcon.uasset" 165
"../../../Engine/Content/EditorResources/S_Thruster.uasset" 166
"../../../Engine/Content/EditorResources/S_Trigger.uasset" 167
"../../../Engine/Content/EditorResources/S_VectorFieldVol.uasset" 168
"../../../Engine/Content/EditorResources/S_WindDirectional.uasset" 169
"../../../Engine/Content/EditorResources/AI/S_NavLink.uasset" 170
"../../../Engine/Content/EditorResources/LightIcons/SkyLight.uasset" 171
"../../../Engine/Content/EditorResources/LightIcons/S_LightDirectional.uasset" 172
"../../../Engine/Content/EditorResources/LightIcons/S_LightDirectionalMove.uasset" 173
"../../../Engine/Content/EditorResources/LightIcons/S_LightError.uasset" 174
"../../../Engine/Content/EditorResources/LightIcons/S_LightPoint.uasset" 175
"../../../Engine/Content/EditorResources/LightIcons/S_LightPointMove.uasset" 176
"../../../Engine/Content/EditorResources/LightIcons/S_LightSpot.uasset" 177
"../../../Engine/Content/EditorResources/LightIcons/S_LightSpotMove.uasset" 178
"../../../Engine/Content/EditorResources/SequenceRecorder/Countdown.uasset" 179
"../../../Engine/Content/EditorResources/SequenceRecorder/RecordingIndicator.uasset" 180
"../../../Engine/Content/EditorResources/Spline/T_Loft_Spline.uasset" 181
"../../../Engine/Content/EditorSounds/Notifications/CompileFailed.uasset" 182
"../../../Engine/Content/EditorSounds/Notifications/CompileFailed_Cue.uasset" 183
"../../../Engine/Content/EditorSounds/Notifications/CompileSuccess.uasset" 184
"../../../Engine/Content/EditorSounds/Notifications/CompileSuccess_Cue.uasset" 185
"../../../Engine/Content/EngineDamageTypes/DmgTypeBP_Environmental.uasset" 186
"../../../Engine/Content/EngineDebugMaterials/HeatmapGradient.uasset" 187
"../../../Engine/Content/EngineDebugMaterials/BoneWeightMaterial.uasset" 188
"../../../Engine/Content/EngineDebugMaterials/ClothMaterial.uasset" 189
"../../../Engine/Content/EngineDebugMaterials/ClothMaterial_WF.uasset" 190
"../../../Engine/Content/EngineDebugMaterials/DebugEditorMaterial.uasset" 191
"../../../Engine/Content/EngineDebugMaterials/DebugMeshMaterial.uasset" 192
"../../../Engine/Content/EngineDebugMaterials/GeomMaterial.uasset" 193
"../../../Engine/Content/Functions/Engine_MaterialFunctions01/Shading/ConvertFromDiffSpec.uasset" 194
"../../../Engine/Content/EngineDebugMaterials/LevelColorationLitMaterial.uasset" 195
"../../../Engine/Content/EngineDebugMaterials/LevelColorationUnlitMaterial.uasset" 196
"../../../Engine/Content/EngineMaterials/DefaultWhiteGrid.uasset" 197
"../../../Engine/Content/EngineDebugMaterials/MAT_LevelColorationLitLightmapUV.uasset" 198
"../../../Engine/Content/EngineDebugMaterials/M_SimpleTranslucent.uasset" 199
"../../../Engine/Content/EngineDebugMaterials/ShadedLevelColorationLitMaterial.uasset" 200
"../../../Engine/Content/EngineDebugMaterials/ShadedLevelColorationUnlitMateri.uasset" 201
"../../../Engine/Content/EngineDebugMaterials/VertexColorMaterial.uasset" 202
"../../../Engine/Content/EngineDebugMaterials/VertexColorViewMode_AlphaAsColor.uasset" 203
"../../../Engine/Content/EngineDebugMaterials/VertexColorViewMode_BlueOnly.uasset" 204
"../../../Engine/Content/EngineDebugMaterials/VertexColorViewMode_ColorOnly.uasset" 205
"../../../Engine/Content/EngineDebugMaterials/VertexColorViewMode_GreenOnly.uasset" 206
"../../../Engine/Content/EngineDebugMaterials/VertexColorViewMode_RedOnly.uasset" 207
"../../../Engine/Content/EngineDebugMaterials/WireframeMaterial.uasset" 208
"../../../Engine/Content/EngineFonts/Faces/RobotoBold.uasset" 209
"../../../Engine/Content/EngineFonts/Faces/RobotoBoldItalic.uasset" 210
"../../../Engine/Content/EngineFonts/Faces/RobotoItalic.uasset" 211
"../../../Engine/Content/EngineFonts/Faces/RobotoLight.uasset" 212
"../../../Engine/Content/EngineFonts/Faces/RobotoRegular.uasset" 213
"../../../Engine/Content/EngineFonts/Roboto.uasset" 214
"../../../Engine/Content/EngineFonts/Faces/RobotoTiny.uasset" 215
"../../../Engine/Content/EngineFonts/RobotoTiny.uasset" 216
"../../../Engine/Content/EngineFonts/SmallFont.uasset" 217
"../../../Engine/Content/EngineFonts/TinyFont.uasset" 218
"../../../Engine/Content/EngineResources/WhiteSquareTexture.uasset" 219
"../../../Engine/Content/EngineMaterials/BlinkingCaret.uasset" 220
"../../../Engine/Content/EngineMaterials/DefaultBloomKernel.uasset" 221
"../../../Engine/Content/EngineMaterials/DefaultBokeh.uasset" 222
"../../../Engine/Content/EngineMaterials/DefaultDiffuse.uasset" 223
"../../../Engine/Content/EngineMaterials/DefaultDeferredDecalMaterial.uasset" 224
"../../../Engine/Content/EngineMaterials/DefaultLightFunctionMaterial.uasset" 225
"../../../Engine/Content/EngineMaterials/DefaultNormal.uasset" 226
"../../../Engine/Content/EngineMaterials/DefaultPostProcessMaterial.uasset" 227
"../../../Engine/Content/EngineFonts/RobotoDistanceField.uasset" 228
"../../../Engine/Content/EngineMaterials/DefaultTextMaterialOpaque.uasset" 229
"../../../Engine/Content/EngineMaterials/EditorBrushMaterial.uasset" 230
"../../../Engine/Content/EngineMaterials/Good64x64TilingNoiseHighFreq.uasset" 231
"../../../Engine/Content/EngineMaterials/Grid_N.uasset" 232
"../../../Engine/Content/EngineMaterials/HighResolutionScreenshotMaskFunction.uasset" 233
"../../../Engine/Content/EngineMaterials/HighResScreenshot.uasset" 234
"../../../Engine/Content/EngineMaterials/HighResScreenshotCaptureRegion.uasset" 235
"../../../Engine/Content/EngineMaterials/HighResScreenshotMask.uasset" 236
"../../../Engine/Content/EngineMaterials/LandscapeHolePhysicalMaterial.uasset" 237
"../../../Engine/Content/EngineMaterials/InvalidLightmapSettings.uasset" 238
"../../../Engine/Content/EngineMaterials/M_InvalidLightmapSettings.uasset" 239
"../../../Engine/Content/EngineMaterials/PaperDiffuse.uasset" 240
"../../../Engine/Content/EngineMaterials/PaperNormal.uasset" 241
"../../../Engine/Content/Functions/Engine_MaterialFunctions02/WorldPositionOffset/CameraOffset.uasset" 242
"../../../Engine/Content/EngineMaterials/PhAT_JointLimitMaterial.uasset" 243
"../../../Engine/Content/EngineMaterials/PhysMat_Rubber.uasset" 244
"../../../Engine/Content/EngineMaterials/PreintegratedSkinBRDF.uasset" 245
"../../../Engine/Content/EngineMaterials/RemoveSurfaceMaterial.uasset" 246
"../../../Engine/Content/EngineMaterials/WeightMapPlaceholderTexture.uasset" 247
"../../../Engine/Content/EngineMaterials/Widget3DPassThrough.uasset" 248
"../../../Engine/Content/EngineMaterials/Widget3DPassThrough_Masked.uasset" 249
"../../../Engine/Content/EngineMaterials/Widget3DPassThrough_Opaque.uasset" 250
"../../../Engine/Content/EngineMaterials/Widget3DPassThrough_Masked_OneSided.uasset" 251
"../../../Engine/Content/EngineMaterials/Widget3DPassThrough_Opaque_OneSided.uasset" 252
"../../../Engine/Content/EngineMaterials/Widget3DPassThrough_Translucent.uasset" 253
"../../../Engine/Content/EngineMaterials/Widget3DPassThrough_Translucent_OneSided.uasset" 254
"../../../Engine/Content/EngineMeshes/Cube.uasset" 255
"../../../Engine/Content/EngineMeshes/Cylinder.uasset" 256
"../../../Engine/Content/EngineMeshes/Sphere.uasset" 257
"../../../Engine/Content/EngineResources/Black.uasset" 258
"../../../Engine/Content/EngineResources/DefaultTexture.uasset" 259
"../../../Engine/Content/EngineResources/DefaultTextureCube.uasset" 260
"../../../Engine/Content/EngineResources/GradientTexture0.uasset" 261
"../../../Engine/Content/EngineResources/StreamingPauseIcon.uasset" 262
"../../../Engine/Content/EngineResources/M_StreamingPause.uasset" 263
"../../../Engine/Content/EngineSounds/Master.uasset" 264
"../../../Engine/Content/Functions/Engine_MaterialFunctions01/Shading/PowerToRoughness.uasset" 265
"../../../Engine/Content/Maps/Templates/Thumbnails/Default.uasset" 266
"../../../Engine/Content/Maps/Templates/Thumbnails/VR-Basic.uasset" 267
"../../../Engine/Content/MapTemplates/Sky/DaylightAmbientCubemap.uasset" 268
"../../../Engine/Content/MobileResources/T_MobileControls_texture.uasset" 269
"../../../Engine/Content/MobileResources/T_MobileMenu2.uasset" 270
"../../../Engine/Content/MobileResources/HUD/AnalogHat.uasset" 271
"../../../Engine/Content/MobileResources/HUD/VirtualJoystick_Background.uasset" 272
"../../../Engine/Content/MobileResources/HUD/VirtualJoystick_Thumb.uasset" 273
"../../../Engine/Content/MobileResources/HUD/DefaultVirtualJoysticks.uasset" 274
"../../../Engine/Content/MobileResources/HUD/LeftVirtualJoystickOnly.uasset" 275
"../../../Engine/Content/MobileResources/HUD/MobileHUDButton1_off.uasset" 276
"../../../Engine/Content/MobileResources/HUD/MobileHUDButton1_on.uasset" 277
"../../../Engine/Content/MobileResources/HUD/MobileHUDButton2_off.uasset" 278
"../../../Engine/Content/MobileResources/HUD/MobileHUDButton2_on.uasset" 279
"../../../Engine/Content/MobileResources/HUD/MobileHUDButton3.uasset" 280
"../../../Engine/Content/MobileResources/HUD/MobileHUDButtonFire.uasset" 281
"../../../Engine/Content/MobileResources/HUD/MobileHUDDirectionPad.uasset" 282
"../../../Engine/Content/MobileResources/HUD/MobileHUDDirectionPad2.uasset" 283
"../../../Engine/Content/MobileResources/HUD/MobileHUDDirectionPad3.uasset" 284
"../../../Engine/Content/MobileResources/HUD/MobileHUDDirectionStick.uasset" 285
"../../../Engine/Content/MobileResources/HUD/T_Castle_ThumbstickInner.uasset" 286
"../../../Engine/Content/MobileResources/HUD/T_Castle_ThumbstickOutter.uasset" 287
"../../../Engine/Content/Tutorial/ContentIntroCurve.uasset" 288
"../../../Engine/Content/Tutorial/Basics/TutorialAssets/icon_tab_Levels_40x.uasset" 289
"../../../Engine/Content/Tutorial/BlueprintTutorials/TutorialAssets/BlueprintInterface_64x.uasset" 290
"../../../Engine/Content/Tutorial/BlueprintTutorials/TutorialAssets/BlueprintMacroLibrary_64x.uasset" 291
"../../../Engine/Content/Tutorial/BlueprintTutorials/TutorialAssets/Blueprint_64x.uasset" 292
"../../../Engine/Content/Tutorial/BlueprintTutorials/TutorialAssets/Tutorial_BP_Interface.uasset" 293
"../../../Engine/Content/Tutorial/Foliage/TutorialAssets/Foliage.uasset" 294
"../../../Engine/Content/Tutorial/Landscape/TutorialAssets/Landscape.uasset" 295
"../../../Engine/Content/Tutorial/Paper2D/TutorialAssets/Paper2DFlipbook_TutorialIcon.uasset" 296
"../../../Engine/Content/Tutorial/Paper2D/TutorialAssets/Paper2DSprite_TutorialIcon.uasset" 297
"../../../Engine/Content/Tutorial/SubEditors/TutorialAssets/icon_Editor_Preferences_General_40x.uasset" 298
"../../../Engine/Content/Tutorial/SubEditors/TutorialAssets/icon_ShowSkeletalMeshes_40x.uasset" 299
"../../../Engine/Content/Tutorial/SubEditors/TutorialAssets/TutorialMaterial.uasset" 300
"../../../Engine/Content/Tutorial/SubEditors/TutorialAssets/T_SmokeSubUV_8X8.uasset" 301
"../../../Engine/Content/Tutorial/SubEditors/TutorialAssets/T_soft_smoke.uasset" 302
"../../../Engine/Content/Tutorial/SubEditors/TutorialAssets/M_smoke_subUV_blackbody.uasset" 303
"../../../Engine/Content/Tutorial/SubEditors/TutorialAssets/TutorialParticleSystem.uasset" 304
"../../../Engine/Content/VREditor/Devices/Generic/GenericHMDMaterial.uasset" 305
"../../../Engine/Content/VREditor/Devices/Generic/GenericHMD.uasset" 306
"../../../Engine/Content/Functions/Engine_MaterialFunctions02/Utility/BreakOutFloat3Components.uasset" 307
"../../../Engine/Content/VREditor/Devices/Vive/VivePreController_MasksB.uasset" 308
"../../../Engine/Content/VREditor/Devices/Oculus/OculusControllerMaterial.uasset" 309
"../../../Engine/Content/VREditor/Devices/Oculus/OculusControllerMaterial_Inst.uasset" 310
"../../../Engine/Content/VREditor/Devices/Oculus/OculusControllerMesh.uasset" 311
"../../../Engine/Content/VREditor/Devices/Vive/T_VivePreController_EM.uasset" 312
"../../../Engine/Content/VREditor/Devices/Vive/VivePreController_MasksA.uasset" 313
"../../../Engine/Content/VREditor/Devices/Vive/VivePreControllerDiffuse.uasset" 314
"../../../Engine/Content/VREditor/Devices/Vive/VivePreControllerSpec.uasset" 315
"../../../Engine/Content/VREditor/LaserPointer/VR_LaserPower_01.uasset" 316
"../../../Engine/Content/VREditor/Devices/Vive/VivePreControllerMaterial.uasset" 317
"../../../Engine/Content/VREditor/Devices/Vive/VivePreControllerMaterial_Inst.uasset" 318
"../../../Engine/Content/VREditor/Devices/Vive/VivePreControllerMesh.uasset" 319
"../../../Engine/Content/VREditor/FloatingText/LineMaterial.uasset" 320
"../../../Engine/Content/VREditor/FloatingText/JointSphere.uasset" 321
"../../../Engine/Content/VREditor/FloatingText/LineSegmentCylinder.uasset" 322
"../../../Engine/Content/VREditor/Fonts/VRText_RobotoLarge.uasset" 323
"../../../Engine/Content/VREditor/Fonts/VRTextMaterial.uasset" 324
"../../../Engine/Content/VREditor/Fonts/TranslucentVRTextMaterial.uasset" 325
"../../../Engine/Content/VREditor/LaserPointer/CursorPointer.uasset" 326
"../../../Engine/Content/VREditor/TransformGizmo/TransformGizmoMaterial.uasset" 327
"../../../Engine/Content/VREditor/LaserPointer/HoverMaterial.uasset" 328
"../../../Engine/Content/VREditor/TransformGizmo/TranslucentTransformGizmoMaterial.uasset" 329
"../../../Engine/Content/VREditor/LaserPointer/TranslucentHoverMaterial.uasset" 330
"../../../Engine/Content/VREditor/LaserPointer/HoverMesh.uasset" 331
"../../../Engine/Content/VREditor/LaserPointer/LaserPointerMaterial.uasset" 332
"../../../Engine/Content/VREditor/LaserPointer/LaserPointerMaterialInst.uasset" 333
"../../../Engine/Content/VREditor/LaserPointer/TranslucentLaserPointerMaterialInst.uasset" 334
"../../../Engine/Content/VREditor/LaserPointer/LaserPointerMesh.uasset" 335
"../../../Engine/Content/VREditor/LaserPointer/LaserPointerMesh_End.uasset" 336
"../../../Engine/Content/VREditor/LaserPointer/LaserPointerMesh_Start.uasset" 337
"../../../Engine/Content/VREditor/Sounds/VR_click1.uasset" 338
"../../../Engine/Content/VREditor/Sounds/VR_teleport.uasset" 339
"../../../Engine/Content/VREditor/Sounds/UI/Click_on_Button.uasset" 340
"../../../Engine/Content/VREditor/Sounds/UI/Dockable_Window_Close.uasset" 341
"../../../Engine/Content/VREditor/Sounds/UI/Dockable_Window_Drop.uasset" 342
"../../../Engine/Content/VREditor/Sounds/UI/Dockable_Window_Open.uasset" 343
"../../../Engine/Content/VREditor/Sounds/UI/Dockable_Window_Pick_Up.uasset" 344
"../../../Engine/Content/VREditor/Sounds/UI/Drop_Item_From_ContentBrowser.uasset" 345
"../../../Engine/Content/VREditor/Sounds/UI/Floating_UI_Open-001.uasset" 346
"../../../Engine/Content/VREditor/Sounds/UI/Radial_Menu_FadeOut.uasset" 347
"../../../Engine/Content/VREditor/Sounds/UI/Teleport_Mode_Entered.uasset" 348
"../../../Engine/Content/VREditor/Teleport/TeleportDirectionMaterial.uasset" 349
"../../../Engine/Content/VREditor/Teleport/TeleportDirectionMaterial_Inst.uasset" 350
"../../../Engine/Content/VREditor/Teleport/TeleportDirectionMesh.uasset" 351
"../../../Engine/Content/VREditor/TransformGizmo/BoundingBoxCorner.uasset" 352
"../../../Engine/Content/VREditor/TransformGizmo/BoundingBoxEdge.uasset" 353
"../../../Engine/Content/VREditor/TransformGizmo/PlaneTranslationHandle.uasset" 354
"../../../Engine/Content/VREditor/TransformGizmo/Main.uasset" 355
"../../../Engine/Content/VREditor/TransformGizmo/Xray.uasset" 356
"../../../Engine/Content/VREditor/TransformGizmo/SM_Dialog_Close.uasset" 357
"../../../Engine/Content/VREditor/TransformGizmo/SM_Dialog_Move.uasset" 358
"../../../Engine/Content/VREditor/TransformGizmo/SM_Sequencer_Key.uasset" 359
"../../../Engine/Content/VREditor/TransformGizmo/SM_Sequencer_Node.uasset" 360
"../../../Engine/Content/VREditor/TransformGizmo/TransformGizmoMaterial_Inst.uasset" 361
"../../../Engine/Content/VREditor/TransformGizmo/TranslucentTransformGizmoMaterial_Inst.uasset" 362
"../../../Engine/Content/VREditor/Devices/Vive/UE4_Logo.uasset" 363
"../../../Engine/Content/VREditor/UI/M_ContentWindow.uasset" 364
"../../../Engine/Content/VREditor/UI/SM_ContentWindow_01.uasset" 365
"../../../Engine/Content/VREditor/UI/KeyDiskMaterial.uasset" 366
"../../../Engine/Content/VREditor/UI/DiscMaterial.uasset" 367
"../../../Engine/Content/VREditor/UI/SM_Radial_Disk.uasset" 368
"../../../Engine/Content/VREditor/UI/ArrowMaterial.uasset" 369
"../../../Engine/Content/VREditor/UI/SM_Radial_Pointer.uasset" 370
"../../../Engine/Content/Functions/Engine_MaterialFunctions01/Gradient/RadialGradient.uasset" 371
"../../../Engine/Content/VREditor/WorldMovementGrid/SimpleGrid.uasset" 372
"../../../Engine/Content/VREditor/WorldMovementGrid/GridMaterial.uasset" 373
"../../../Engine/Content/Functions/Engine_MaterialFunctions01/Density/ExponentialDensity.uasset" 374
"../../../Engine/Content/VREditor/WorldMovementGrid/GridPostProcess.uasset" 375
"../../../Engine/Content/EditorLandscapeResources/FlattenHeightMat.uasset" 376
"../../../Engine/Content/VREditor/WorldMovementGrid/PlaneMesh.uasset" 377
"../../../../../unreal/FirstPersonColab/FirstPersonShooter/Content/AnimStarterPack/UE4_Mannequin/Mesh/UE4_Mannequin_Skeleton.uasset" 378
"../../../../../unreal/FirstPersonColab/FirstPersonShooter/Content/AnimStarterPack/Hit_React_1.uasset" 379
"../../../Engine/Content/Functions/Engine_MaterialFunctions02/Utility/BlendAngleCorrectedNormals.uasset" 380
"../../../Engine/Content/Functions/MaterialLayerFunctions/MatLayerBlend_AO.uasset" 381
"../../../Engine/Content/Functions/MaterialLayerFunctions/MatLayerBlend_NormalBlend.uasset" 382
"../../../Engine/Content/Functions/MaterialLayerFunctions/MatLayerBlend_Simple.uasset" 383
"../../../../../unreal/FirstPersonColab/FirstPersonShooter/Content/AnimStarterPack/UE4_Mannequin/Materials/MaterialLayers/T_ML_Rubber_Blue_01_D.uasset" 384
"../../../../../unreal/FirstPersonColab/FirstPersonShooter/Content/AnimStarterPack/UE4_Mannequin/Materials/MaterialLayers/T_ML_Rubber_Blue_01_N.uasset" 385
"../../../../../unreal/FirstPersonColab/FirstPersonShooter/Content/AnimStarterPack/UE4_Mannequin/Materials/MaterialLayers/ML_GlossyBlack_Latex_UE4.uasset" 386
"../../../../../unreal/FirstPersonColab/FirstPersonShooter/Content/AnimStarterPack/UE4_Mannequin/Materials/MaterialLayers/ML_Plastic_Shiny_Beige.uasset" 387
"../../../../../unreal/FirstPersonColab/FirstPersonShooter/Content/AnimStarterPack/UE4_Mannequin/Textures/UE4_LOGO_CARD.uasset" 388
"../../../../../unreal/FirstPersonColab/FirstPersonShooter/Content/AnimStarterPack/UE4_Mannequin/Materials/MaterialLayers/ML_Plastic_Shiny_Beige_LOGO.uasset" 389
"../../../../../unreal/FirstPersonColab/FirstPersonShooter/Content/AnimStarterPack/UE4_Mannequin/Materials/MaterialLayers/T_ML_Aluminum01.uasset" 390
"../../../../../unreal/FirstPersonColab/FirstPersonShooter/Content/AnimStarterPack/UE4_Mannequin/Materials/MaterialLayers/T_ML_Aluminum01_N.uasset" 391
"../../../../../unreal/FirstPersonColab/FirstPersonShooter/Content/AnimStarterPack/UE4_Mannequin/Materials/MaterialLayers/ML_SoftMetal_UE4.uasset" 392
"../../../../../unreal/FirstPersonColab/FirstPersonShooter/Content/AnimStarterPack/UE4_Mannequin/Textures/UE4_Mannequin__normals.uasset" 393
"../../../../../unreal/FirstPersonColab/FirstPersonShooter/Content/AnimStarterPack/UE4_Mannequin/Textures/UE4_Mannequin_MAT_MASKA.uasset" 394
"../../../../../unreal/FirstPersonColab/FirstPersonShooter/Content/AnimStarterPack/UE4_Mannequin/Textures/UE4_Mannequin_occlusion_Mobile.uasset" 395
"../../../../../unreal/FirstPersonColab/FirstPersonShooter/Content/AnimStarterPack/UE4_Mannequin/Materials/M_UE4Man_Body.uasset" 396
"../../../../../unreal/FirstPersonColab/FirstPersonShooter/Content/AnimStarterPack/UE4_Mannequin/Textures/UE4Man_Logo_N.uasset" 397
"../../../../../unreal/FirstPersonColab/FirstPersonShooter/Content/AnimStarterPack/UE4_Mannequin/Materials/M_UE4Man_ChestLogo.uasset" 398
"../../../../../unreal/FirstPersonColab/FirstPersonShooter/Content/AnimStarterPack/UE4_Mannequin/Mesh/SK_Mannequin_PhysicsAsset.uasset" 399
"../../../../../unreal/FirstPersonColab/FirstPersonShooter/Content/AnimStarterPack/UE4_Mannequin/Mesh/SK_Mannequin.uasset" 400
"../../../../../unreal/FirstPersonColab/FirstPersonShooter/Content/StarterContent/Audio/Starter_Background_Cue.uasset" 401
"../../../../../unreal/FirstPersonColab/FirstPersonShooter/Content/StarterContent/Audio/Starter_Birds01.uasset" 402
"../../../../../unreal/FirstPersonColab/FirstPersonShooter/Content/StarterContent/Audio/Starter_Music01.uasset" 403
"../../../../../unreal/FirstPersonColab/FirstPersonShooter/Content/StarterContent/Audio/Starter_Music_Cue.uasset" 404
"../../../../../unreal/FirstPersonColab/FirstPersonShooter/Content/StarterContent/Audio/Starter_Wind05.uasset" 405
"../../../../../unreal/FirstPersonColab/FirstPersonShooter/Content/StarterContent/Audio/Starter_Wind06.uasset" 406
"../../../../../unreal/FirstPersonColab/FirstPersonShooter/Content/StarterContent/HDRI/HDRI_Epic_Courtyard_Daylight.uasset" 407
"../../../../../unreal/FirstPersonColab/FirstPersonShooter/Content/Mannequin/Character/Mesh/UE4_Mannequin_Skeleton.uasset" 408
"../../../../../unreal/FirstPersonColab/FirstPersonShooter/Content/Mannequin/Animations/ThirdPerson_Jump.uasset" 409
"../../../../../unreal/FirstPersonColab/FirstPersonShooter/Content/Mannequin/Animations/ThirdPersonJump_Loop.uasset" 410
"../../../../../unreal/FirstPersonColab/FirstPersonShooter/Content/Mannequin/Animations/ThirdPersonJump_Start.uasset" 411
"../../../../../unreal/FirstPersonColab/FirstPersonShooter/Content/Mannequin/Animations/ThirdPersonIdle.uasset" 412
"../../../../../unreal/FirstPersonColab/FirstPersonShooter/Content/Mannequin/Animations/ThirdPersonRun.uasset" 413
"../../../../../unreal/FirstPersonColab/FirstPersonShooter/Content/Mannequin/Animations/ThirdPersonWalk.uasset" 414
"../../../../../unreal/FirstPersonColab/FirstPersonShooter/Content/Mannequin/Animations/ThirdPerson_IdleRun_2D.uasset" 415
"../../../../../unreal/FirstPersonColab/FirstPersonShooter/Content/Mannequin/Animations/ThirdPerson_AnimBP.uasset" 416
"../../../../../unreal/FirstPersonColab/FirstPersonShooter/Content/Mannequin/Character/Materials/MaterialLayers/T_ML_Rubber_Blue_01_D.uasset" 417
"../../../../../unreal/FirstPersonColab/FirstPersonShooter/Content/Mannequin/Character/Materials/MaterialLayers/T_ML_Rubber_Blue_01_N.uasset" 418
"../../../../../unreal/FirstPersonColab/FirstPersonShooter/Content/Mannequin/Character/Materials/MaterialLayers/ML_GlossyBlack_Latex_UE4.uasset" 419
"../../../../../unreal/FirstPersonColab/FirstPersonShooter/Content/Mannequin/Character/Materials/MaterialLayers/ML_Plastic_Shiny_Beige.uasset" 420
"../../../../../unreal/FirstPersonColab/FirstPersonShooter/Content/Mannequin/Character/Textures/UE4_LOGO_CARD.uasset" 421
"../../../../../unreal/FirstPersonColab/FirstPersonShooter/Content/Mannequin/Character/Materials/MaterialLayers/ML_Plastic_Shiny_Beige_LOGO.uasset" 422
"../../../../../unreal/FirstPersonColab/FirstPersonShooter/Content/Mannequin/Character/Materials/MaterialLayers/T_ML_Aluminum01.uasset" 423
"../../../../../unreal/FirstPersonColab/FirstPersonShooter/Content/Mannequin/Character/Materials/MaterialLayers/T_ML_Aluminum01_N.uasset" 424
"../../../../../unreal/FirstPersonColab/FirstPersonShooter/Content/Mannequin/Character/Materials/MaterialLayers/ML_SoftMetal_UE4.uasset" 425
"../../../../../unreal/FirstPersonColab/FirstPersonShooter/Content/Mannequin/Character/Textures/UE4_Mannequin__normals.uasset" 426
"../../../../../unreal/FirstPersonColab/FirstPersonShooter/Content/Mannequin/Character/Textures/UE4_Mannequin_MAT_MASKA.uasset" 427
"../../../../../unreal/FirstPersonColab/FirstPersonShooter/Content/Mannequin/Character/Materials/M_UE4Man_Body.uasset" 428
"../../../../../unreal/FirstPersonColab/FirstPersonShooter/Content/Mannequin/Character/Textures/UE4Man_Logo_N.uasset" 429
"../../../../../unreal/FirstPersonColab/FirstPersonShooter/Content/Mannequin/Character/Materials/M_UE4Man_ChestLogo.uasset" 430
"../../../../../unreal/FirstPersonColab/FirstPersonShooter/Content/Mannequin/Character/Mesh/SK_Mannequin_PhysicsAsset.uasset" 431
"../../../../../unreal/FirstPersonColab/FirstPersonShooter/Content/Mannequin/Character/Mesh/SK_Mannequin.uasset" 432
"../../../../../unreal/FirstPersonColab/FirstPersonShooter/Content/ThirdPersonBP/Blueprints/HUD.uasset" 433
"../../../../../unreal/FirstPersonColab/FirstPersonShooter/Content/ThirdPersonBP/Blueprints/ThirdPersonCharacter.uasset" 434
"../../../../../unreal/FirstPersonColab/FirstPersonShooter/Content/ThirdPersonBP/Blueprints/ThirdPersonGameMode.uasset" 435
"../../Plugins/2D/Paper2D/Content/PlaceholderTextures/DummySpriteTexture.uasset" 436
"../../Plugins/2D/Paper2D/Content/DummySprite.uasset" 437
"../../Plugins/2D/Paper2D/Content/DefaultPaperTerrainMaterial.uasset" 438
"../../Plugins/2D/Paper2D/Content/DefaultSpriteMaterial.uasset" 439
"../../Plugins/2D/Paper2D/Content/MaskedUnlitSpriteMaterial.uasset" 440
"../../Plugins/2D/Paper2D/Content/OpaqueUnlitSpriteMaterial.uasset" 441
"../../Plugins/Media/MediaCompositing/Content/DefaultMediaPlaneTexture.uasset" 442
"../../Plugins/Media/MediaCompositing/Content/DefaultMediaPlaneMaterial.uasset" 443
"../../../Engine/Content/Functions/Engine_MaterialFunctions02/Utility/MakeFloat4.uasset" 444
"../../Plugins/Runtime/AppleARKit/Content/ARKitCameraMaterial.uasset" 445
"../../Plugins/Runtime/Oculus/OculusVR/Content/Textures/GearVRController_AO.uasset" 446
"../../Plugins/Runtime/Oculus/OculusVR/Content/Textures/GearVRController_Color.uasset" 447
"../../Plugins/Runtime/Oculus/OculusVR/Content/Textures/GearVRController_Normal.uasset" 448
"../../Plugins/Runtime/Oculus/OculusVR/Content/Materials/GearVRControllerMaterial.uasset" 449
"../../Plugins/Runtime/Oculus/OculusVR/Content/Meshes/GearVrController.uasset" 450
"../../../../../unreal/FirstPersonColab/FirstPersonShooter/Content/MenuBuilderCarousel/EpicContent/Textures/T_BuilderCarouselPromo.uasset" 451
"../../../../../unreal/FirstPersonColab/FirstPersonShooter/Content/MenuBuilderCarousel/EpicContent/Textures/T_DemoPlayer_Featured.uasset" 452
"../../../../../unreal/FirstPersonColab/FirstPersonShooter/Content/MenuBuilderCarousel/EpicContent/Textures/T_ExplosionBuilder_Featured.uasset" 453
"../../../../../unreal/FirstPersonColab/FirstPersonShooter/Content/MenuBuilderCarousel/EpicContent/Textures/T_SteamParty_Featured.uasset" 454
"../../../../../unreal/FirstPersonColab/FirstPersonShooter/Content/MenuBuilderCarousel/Textures/T_MenuIcons.uasset" 455
"../../../../../unreal/FirstPersonColab/FirstPersonShooter/Content/MenuBuilderCarousel/Materials/M_IconSet1Menu.uasset" 456
"../../../../../unreal/FirstPersonColab/FirstPersonShooter/Content/MenuBuilderCarousel/Materials/MI_IconSet1Menu3.uasset" 457
"../../../Engine/Content/Maps/Entry.umap" 458
"../../../Engine/Content/EngineSky/C_Sky_Cloud_Color.uasset" 459
"../../../Engine/Content/EngineSky/C_Sky_Horizon_Color.uasset" 460
"../../../Engine/Content/EngineSky/C_Sky_Zenith_Color.uasset" 461
"../../../Engine/Content/EngineSky/T_Sky_Blue.uasset" 462
"../../../Engine/Content/EngineSky/T_Sky_Clouds_M.uasset" 463
"../../../Engine/Content/EngineSky/T_Sky_Stars.uasset" 464
"../../../Engine/Content/EngineSky/M_Sky_Panning_Clouds2.uasset" 465
"../../../Engine/Content/EngineSky/SM_SkySphere.uasset" 466
"../../../Engine/Content/EngineSky/BP_Sky_Sphere.uasset" 467
"../../../Engine/Content/BasicShapes/BasicShapeMaterial.uasset" 468
"../../../Engine/Content/BasicShapes/Cube.uasset" 469
"../../../../../unreal/FirstPersonColab/FirstPersonShooter/Content/ThirdPersonBP/Blueprints/pain1.uasset" 470
"../../../../../unreal/FirstPersonColab/FirstPersonShooter/Content/ThirdPersonBP/Maps/ThirdPersonExampleMap_BuiltData.uasset" 471
"../../../../../unreal/FirstPersonColab/FirstPersonShooter/Content/Geometry/Meshes/CubeMaterial.uasset" 472
"../../../../../unreal/FirstPersonColab/FirstPersonShooter/Content/Geometry/Meshes/1M_Cube.uasset" 473
"../../../../../unreal/FirstPersonColab/FirstPersonShooter/Content/Geometry/Meshes/1M_Cube_Chamfer.uasset" 474
"../../../../../unreal/FirstPersonColab/FirstPersonShooter/Content/Geometry/Meshes/TemplateFloor.uasset" 475
"../../../../../unreal/FirstPersonColab/FirstPersonShooter/Content/ThirdPerson/Meshes/RampMaterial.uasset" 476
"../../../../../unreal/FirstPersonColab/FirstPersonShooter/Content/ThirdPerson/Meshes/Bump_StaticMesh.uasset" 477
"../../../../../unreal/FirstPersonColab/FirstPersonShooter/Content/ThirdPerson/Meshes/LeftArm_StaticMesh.uasset" 478
"../../../../../unreal/FirstPersonColab/FirstPersonShooter/Content/ThirdPerson/Meshes/Linear_Stair_StaticMesh.uasset" 479
"../../../../../unreal/FirstPersonColab/FirstPersonShooter/Content/ThirdPerson/Meshes/Ramp_StaticMesh.uasset" 480
"../../../../../unreal/FirstPersonColab/FirstPersonShooter/Content/ThirdPerson/Meshes/RightArm_StaticMesh.uasset" 481
"../../../../../unreal/FirstPersonColab/FirstPersonShooter/Content/ThirdPersonBP/Maps/ThirdPersonExampleMap.umap" 482
"../../../../../unreal/FirstPersonColab/FirstPersonShooter/Content/MenuBuilderCarousel/UMG/W_ButtonFooter.uasset" 483
"../../../../../unreal/FirstPersonColab/FirstPersonShooter/Content/MenuBuilderCarousel/Materials/MI_IconSet1Menu0.uasset" 484
"../../../Engine/Content/EditorSounds/GamePreview/StartSimulate.uasset" 485
"../../../Engine/Content/EditorSounds/GamePreview/StartSimulate_Cue.uasset" 486
"../../../Engine/Content/VREditor/Sounds/UI/Click_on_Button_Cue.uasset" 487
"../../../../../unreal/FirstPersonColab/FirstPersonShooter/Content/MenuBuilderCarousel/UMG/W_ButtonMainMenu.uasset" 488
"../../../Engine/Content/EngineResources/AICON-Green.uasset" 489
"../../../../../unreal/FirstPersonColab/FirstPersonShooter/Content/MenuBuilderCarousel/Materials/M_BorderEffect.uasset" 490
"../../../../../unreal/FirstPersonColab/FirstPersonShooter/Content/MenuBuilderCarousel/Materials/MI_BorderEffect.uasset" 491
"../../../Engine/Content/Functions/Engine_MaterialFunctions01/Gradient/LinearGradient.uasset" 492
"../../../../../unreal/FirstPersonColab/FirstPersonShooter/Content/MenuBuilderCarousel/Materials/M_ButtonFade1.uasset" 493
"../../../../../unreal/FirstPersonColab/FirstPersonShooter/Content/MenuBuilderCarousel/Materials/MI_ButtonFade1.uasset" 494
"../../../../../unreal/FirstPersonColab/FirstPersonShooter/Content/MenuBuilderCarousel/Materials/MI_ButtonFade2.uasset" 495
"../../../Engine/Content/Functions/Engine_MaterialFunctions02/ExampleContent/Textures/LowResBlurredNoise.uasset" 496
"../../../../../unreal/FirstPersonColab/FirstPersonShooter/Content/MenuBuilderCarousel/Materials/M_ButtonBorder1.uasset" 497
"../../../../../unreal/FirstPersonColab/FirstPersonShooter/Content/MenuBuilderCarousel/Materials/MI_PopupBorder1.uasset" 498
"../../../../../unreal/FirstPersonColab/FirstPersonShooter/Content/MenuBuilderCarousel/EpicContent/Textures/T_Fire_SubUV.uasset" 499
"../../../../../unreal/FirstPersonColab/FirstPersonShooter/Content/MenuBuilderCarousel/EpicContent/Textures/T_Fire_Tiled_D.uasset" 500
"../../../../../unreal/FirstPersonColab/FirstPersonShooter/Content/MenuBuilderCarousel/EpicContent/Materials/M_Fire_SubUV.uasset" 501
"../../../../../unreal/FirstPersonColab/FirstPersonShooter/Content/MenuBuilderCarousel/EpicContent/Textures/T_Water_N.uasset" 502
"../../../../../unreal/FirstPersonColab/FirstPersonShooter/Content/MenuBuilderCarousel/EpicContent/Materials/M_Heat_Distortion.uasset" 503
"../../../../../unreal/FirstPersonColab/FirstPersonShooter/Content/MenuBuilderCarousel/EpicContent/Materials/M_Radial_Gradient.uasset" 504
"../../../../../unreal/FirstPersonColab/FirstPersonShooter/Content/MenuBuilderCarousel/EpicContent/Textures/T_Smoke_SubUV.uasset" 505
"../../../../../unreal/FirstPersonColab/FirstPersonShooter/Content/MenuBuilderCarousel/EpicContent/Textures/T_Smoke_Tiled_D.uasset" 506
"../../../../../unreal/FirstPersonColab/FirstPersonShooter/Content/MenuBuilderCarousel/EpicContent/Materials/M_smoke_subUV.uasset" 507
"../../../../../unreal/FirstPersonColab/FirstPersonShooter/Content/MenuBuilderCarousel/Particles/P_DynamicBackgroundCPU.uasset" 508
"../../../../../unreal/FirstPersonColab/FirstPersonShooter/Content/MenuBuilderCarousel/Blueprints/BP_BackGroundParticles.uasset" 509
"../../../../../unreal/FirstPersonColab/FirstPersonShooter/Content/MenuBuilderCarousel/Blueprints/E_MenuStates.uasset" 510
"../../../../../unreal/FirstPersonColab/FirstPersonShooter/Content/MenuBuilderCarousel/Textures/T_NewsPicSample.uasset" 511
"../../../../../unreal/FirstPersonColab/FirstPersonShooter/Content/MenuBuilderCarousel/Materials/M_NewsPicSample.uasset" 512
"../../../../../unreal/FirstPersonColab/FirstPersonShooter/Content/MenuBuilderCarousel/Textures/T_Checkbox1.uasset" 513
"../../../../../unreal/FirstPersonColab/FirstPersonShooter/Content/MenuBuilderCarousel/Materials/M_MainMenuBackArrowLeft1.uasset" 514
"../../../../../unreal/FirstPersonColab/FirstPersonShooter/Content/MenuBuilderCarousel/Materials/MI_MainMenuBackArrowLeft1.uasset" 515
"../../../Engine/Content/EditorSounds/GamePreview/EndPlayInEditor.uasset" 516
"../../../Engine/Content/EditorSounds/GamePreview/EndPlayInEditor_Cue.uasset" 517
"../../../../../unreal/FirstPersonColab/FirstPersonShooter/Content/MenuBuilderCarousel/UMG/F_GameSlotInfo.uasset" 518
"../../../../../unreal/FirstPersonColab/FirstPersonShooter/Content/MenuBuilderCarousel/Materials/MI_ButtonBorder1.uasset" 519
"../../../Engine/Content/EditorSounds/Notifications/CompileStart_Cue.uasset" 520
"../../../../../unreal/FirstPersonColab/FirstPersonShooter/Content/MenuBuilderCarousel/UMG/W_ButtonRegular.uasset" 521
"../../../Engine/Content/Functions/Engine_MaterialFunctions02/Math/TimeWithSpeedVariable.uasset" 522
"../../../../../unreal/FirstPersonColab/FirstPersonShooter/Content/MenuBuilderCarousel/Materials/MF_PannerGlitch.uasset" 523
"../../../../../unreal/FirstPersonColab/FirstPersonShooter/Content/MenuBuilderCarousel/Materials/MF_GlitchEffect.uasset" 524
"../../../../../unreal/FirstPersonColab/FirstPersonShooter/Content/MenuBuilderCarousel/Textures/T_CircuitBoard2.uasset" 525
"../../../../../unreal/FirstPersonColab/FirstPersonShooter/Content/MenuBuilderCarousel/Materials/M_GlitchEffect.uasset" 526
"../../../../../unreal/FirstPersonColab/FirstPersonShooter/Content/MenuBuilderCarousel/Materials/MI_GlitchEffect.uasset" 527
"../../../../../unreal/FirstPersonColab/FirstPersonShooter/Content/MenuBuilderCarousel/UMG/W_GameSlotInfo.uasset" 528
"../../../../../unreal/FirstPersonColab/FirstPersonShooter/Content/MenuBuilderCarousel/UMG/W_Campaign.uasset" 529
"../../../../../unreal/FirstPersonColab/FirstPersonShooter/Content/MenuBuilderCarousel/Materials/MI_IconSet1Menu1.uasset" 530
"../../../../../unreal/FirstPersonColab/FirstPersonShooter/Content/MenuBuilderCarousel/Materials/MI_IconSet1Menu2.uasset" 531
"../../../../../unreal/FirstPersonColab/FirstPersonShooter/Content/MenuBuilderCarousel/Textures/T_MenuIcons2.uasset" 532
"../../../../../unreal/FirstPersonColab/FirstPersonShooter/Content/MenuBuilderCarousel/Materials/M_IconSet2Menu.uasset" 533
"../../../../../unreal/FirstPersonColab/FirstPersonShooter/Content/MenuBuilderCarousel/Materials/MI_IconSet2Menu1.uasset" 534
"../../../../../unreal/FirstPersonColab/FirstPersonShooter/Content/MenuBuilderCarousel/Materials/MI_IconSet2Menu2.uasset" 535
"../../../../../unreal/FirstPersonColab/FirstPersonShooter/Content/MenuBuilderCarousel/Materials/MI_IconSet2Menu3.uasset" 536
"../../../../../unreal/FirstPersonColab/FirstPersonShooter/Content/MenuBuilderCarousel/Materials/MI_IconSet2Menu3R.uasset" 537
"../../../../../unreal/FirstPersonColab/FirstPersonShooter/Content/MenuBuilderCarousel/Textures/T_MainMenuBg1.uasset" 538
"../../../../../unreal/FirstPersonColab/FirstPersonShooter/Content/MenuBuilderCarousel/Textures/T_MainMenuBg2.uasset" 539
"../../../../../unreal/FirstPersonColab/FirstPersonShooter/Content/MenuBuilderCarousel/Materials/M_MainMenuBg2.uasset" 540
"../../../../../unreal/FirstPersonColab/FirstPersonShooter/Content/MenuBuilderCarousel/Materials/MI_MainMenuBg2.uasset" 541
"../../../../../unreal/FirstPersonColab/FirstPersonShooter/Content/MenuBuilderCarousel/Textures/T_MainMenuBorder2.uasset" 542
"../../../../../unreal/FirstPersonColab/FirstPersonShooter/Content/MenuBuilderCarousel/Materials/M_MainMenuBorder1.uasset" 543
"../../../../../unreal/FirstPersonColab/FirstPersonShooter/Content/MenuBuilderCarousel/Materials/MI_MainMenuBorder1.uasset" 544
"../../../Engine/Content/EditorSounds/GamePreview/PossessPlayer.uasset" 545
"../../../Engine/Content/EditorSounds/GamePreview/PossessPlayer_Cue.uasset" 546
"../../../../../unreal/FirstPersonColab/FirstPersonShooter/Content/MenuBuilderCarousel/Textures/T_MainMenuLogo1.uasset" 547
"../../../../../unreal/FirstPersonColab/FirstPersonShooter/Content/MenuBuilderCarousel/UMG/F_CarouselSlotInfo.uasset" 548
"../../../../../unreal/FirstPersonColab/FirstPersonShooter/Content/MenuBuilderCarousel/Materials/M_CarouselBgDef.uasset" 549
"../../../Engine/Content/EditorSounds/GamePreview/EjectFromPlayer.uasset" 550
"../../../Engine/Content/EditorSounds/GamePreview/EjectFromPlayer_Cue.uasset" 551
"../../../Engine/Content/VREditor/Sounds/VR_click1_Cue.uasset" 552
"../../../../../unreal/FirstPersonColab/FirstPersonShooter/Content/MenuBuilderCarousel/UMG/W_AnimatedBorder.uasset" 553
"../../../../../unreal/FirstPersonColab/FirstPersonShooter/Content/MenuBuilderCarousel/UMG/W_ItemFooter.uasset" 554
"../../../../../unreal/FirstPersonColab/FirstPersonShooter/Content/MenuBuilderCarousel/UMG/W_CarouselItem.uasset" 555
"../../../../../unreal/FirstPersonColab/FirstPersonShooter/Content/MenuBuilderCarousel/UMG/W_CarouselSlot.uasset" 556
"../../../../../unreal/FirstPersonColab/FirstPersonShooter/Content/MenuBuilderCarousel/UMG/W_MainMenu.uasset" 557
"../../../../../unreal/FirstPersonColab/FirstPersonShooter/Content/MenuBuilderCarousel/Materials/MI_IconSet2Menu0.uasset" 558
"../../../../../unreal/FirstPersonColab/FirstPersonShooter/Content/MenuBuilderCarousel/UMG/W_Multiplayer.uasset" 559
"../../../../../unreal/FirstPersonColab/FirstPersonShooter/Content/MenuBuilderCarousel/Blueprints/PC_Menu.uasset" 560
"../../../../../unreal/FirstPersonColab/FirstPersonShooter/Content/MenuBuilderCarousel/Materials/M_CheckBox1.uasset" 561
"../../../../../unreal/FirstPersonColab/FirstPersonShooter/Content/MenuBuilderCarousel/Materials/MI_CheckBox1Checked.uasset" 562
"../../../../../unreal/FirstPersonColab/FirstPersonShooter/Content/MenuBuilderCarousel/Materials/MI_CheckBox1UnChecked.uasset" 563
"../../../../../unreal/FirstPersonColab/FirstPersonShooter/Content/MenuBuilderCarousel/UMG/W_ButtonScroll1.uasset" 564
"../../../../../unreal/FirstPersonColab/FirstPersonShooter/Content/MenuBuilderCarousel/UMG/W_QualityLevels.uasset" 565
"../../../../../unreal/FirstPersonColab/FirstPersonShooter/Content/MenuBuilderCarousel/UMG/W_FrameRateLevels.uasset" 566
"../../../../../unreal/FirstPersonColab/FirstPersonShooter/Content/MenuBuilderCarousel/UMG/W_WindowMode.uasset" 567
"../../../../../unreal/FirstPersonColab/FirstPersonShooter/Content/MenuBuilderCarousel/UMG/W_VideoOptions.uasset" 568
"../../../../../unreal/FirstPersonColab/FirstPersonShooter/Content/MenuBuilderCarousel/UMG/W_Resolution.uasset" 569
"../../../../../unreal/FirstPersonColab/FirstPersonShooter/Content/MenuBuilderCarousel/UMG/W_AdvancedOptions.uasset" 570
"../../../../../unreal/FirstPersonColab/FirstPersonShooter/Content/MenuBuilderCarousel/UMG/W_AudioOptions.uasset" 571
"../../../../../unreal/FirstPersonColab/FirstPersonShooter/Content/MenuBuilderCarousel/UMG/W_DifficultyLevels.uasset" 572
"../../../../../unreal/FirstPersonColab/FirstPersonShooter/Content/MenuBuilderCarousel/UMG/W_GameOptions.uasset" 573
"../../../../../unreal/FirstPersonColab/FirstPersonShooter/Content/MenuBuilderCarousel/UMG/W_Settings.uasset" 574
"../../../../../unreal/FirstPersonColab/FirstPersonShooter/Content/MenuBuilderCarousel/UMG/W_BaseOptions.uasset" 575
"../../../../../unreal/FirstPersonColab/FirstPersonShooter/Content/MenuBuilderCarousel/UMG/W_PopUpSaveSettings.uasset" 576
"../../../../../unreal/FirstPersonColab/FirstPersonShooter/Content/MenuBuilderCarousel/Blueprints/BP_WorldWidget.uasset" 577
"../../../../../unreal/FirstPersonColab/FirstPersonShooter/Content/MenuBuilderCarousel/Blueprints/BP_3DPawn.uasset" 578
"../../../../../unreal/FirstPersonColab/FirstPersonShooter/Content/MenuBuilderCarousel/Materials/M_CrossHairSimple.uasset" 579
"../../../../../unreal/FirstPersonColab/FirstPersonShooter/Content/MenuBuilderCarousel/UMG/W_SimpleCrossHair.uasset" 580
"../../../../../unreal/FirstPersonColab/FirstPersonShooter/Content/MenuBuilderCarousel/Blueprints/PC_3DSetup.uasset" 581
"../../../../../unreal/FirstPersonColab/FirstPersonShooter/Content/MenuBuilderCarousel/Blueprints/GM_3DSetup.uasset" 582
"../../../Engine/Content/VREditor/BasicMeshes/T_CleanFloorGrunge_01_D.uasset" 583
"../../../Engine/Content/VREditor/BasicMeshes/M_Floor_01.uasset" 584
"../../../Engine/Content/VREditor/BasicMeshes/MI_Ball_01.uasset" 585
"../../../Engine/Content/VREditor/BasicMeshes/SM_Ball_01.uasset" 586
"../../../Engine/Content/VREditor/BasicMeshes/MI_Cube_01.uasset" 587
"../../../Engine/Content/VREditor/BasicMeshes/SM_Cube_01.uasset" 588
"../../../Engine/Content/VREditor/BasicMeshes/MI_Cube_02.uasset" 589
"../../../Engine/Content/VREditor/BasicMeshes/SM_Cube_02.uasset" 590
"../../../Engine/Content/VREditor/BasicMeshes/MI_Cube_03.uasset" 591
"../../../Engine/Content/VREditor/BasicMeshes/SM_Cube_03.uasset" 592
"../../../Engine/Content/VREditor/BasicMeshes/MI_Pyramid_01.uasset" 593
"../../../Engine/Content/VREditor/BasicMeshes/SM_Pyramid_01.uasset" 594
"../../../Engine/Content/VREditor/BasicMeshes/SM_Room_01.uasset" 595
"../../../../../unreal/FirstPersonColab/FirstPersonShooter/Content/MenuBuilderCarousel/Maps/3DSetup.umap" 596
